<?xml version="1.0" encoding="UTF-8"?>
<!-- Generated by org.testng.reporters.JUnitXMLReporter -->
<testsuite ignored="2" hostname="DESKTOP-UQJIA5A" failures="0" tests="6" name="Test_with_firefox" time="182.796" errors="0" timestamp="2025-02-21T12:56:29 IST">
  <testcase classname="com.comcast.crm.orgtest.Working_with_Org_TC_baseclass" name="organization_01" time="15.946"/>
  <testcase classname="com.comcast.crm.orgtest.Working_with_Org_TC_baseclass" name="organization_02" time="17.24"/>
  <testcase classname="com.comcast.crm.orgtest.Working_with_Org_TC_baseclass" name="organization_03" time="20.52"/>
  <testcase classname="com.comcast.crm.contacttest.Working_with_Cnt_TC_baseclass" name="Contacts_06" time="36.995"/>
  <testcase classname="com.comcast.crm.contacttest.Working_with_Cnt_TC_baseclass" name="contacs_02" time="15.359"/>
  <testcase classname="com.comcast.crm.contacttest.Working_with_Cnt_TC_baseclass" name="contacts_01" time="15.608"/>
  <testcase classname="com.comcast.crm.generic.baseclass.Baseclass" name="@BeforeSuite configBS" time="0.0">
    <ignored/>
  </testcase> <!-- @BeforeSuite configBS -->
  <testcase classname="com.comcast.crm.generic.baseclass.Baseclass" name="@AfterSuite configAS" time="0.0">
    <ignored/>
  </testcase> <!-- @AfterSuite configAS -->
</testsuite> <!-- Test_with_firefox -->
