<?xml version="1.0" encoding="UTF-8"?>
<!-- Generated by org.testng.reporters.JUnitXMLReporter -->
<testsuite ignored="0" hostname="DESKTOP-UQJIA5A" failures="2" tests="2" name="Test_with_edge" time="26.966" errors="0" timestamp="2025-02-21T13:31:45 IST">
  <testcase classname="practice.testng.Sample_listener" name="listener" time="4.957">
    <failure type="java.lang.AssertionError" message="expected [CRM] but found [Administrator - Organizations - vtiger CRM 5 - Commercial Open Source CRM]">
      <![CDATA[java.lang.AssertionError: expected [CRM] but found [Administrator - Organizations - vtiger CRM 5 - Commercial Open Source CRM]
at practice.testng.Sample_listener.listener(Sample_listener.java:22)
at java.base/java.util.ArrayList.forEach(ArrayList.java:1597)
at java.base/java.util.concurrent.FutureTask.run(FutureTask.java:317)
at java.base/java.util.concurrent.ThreadPoolExecutor.runWorker(ThreadPoolExecutor.java:1144)
at java.base/java.util.concurrent.ThreadPoolExecutor$Worker.run(ThreadPoolExecutor.java:642)
at java.base/java.lang.Thread.run(Thread.java:1575)
... Removed 22 stack frames]]>
    </failure>
  </testcase> <!-- listener -->
  <testcase classname="practice.testng.Sample_listener" name="listener_1" time="5.338">
    <failure type="java.lang.AssertionError" message="expected [Contacts] but found [Administrator - Contacts - vtiger CRM 5 - Commercial Open Source CRM]">
      <![CDATA[java.lang.AssertionError: expected [Contacts] but found [Administrator - Contacts - vtiger CRM 5 - Commercial Open Source CRM]
at practice.testng.Sample_listener.listener_1(Sample_listener.java:32)
at java.base/java.util.ArrayList.forEach(ArrayList.java:1597)
at java.base/java.util.concurrent.FutureTask.run(FutureTask.java:317)
at java.base/java.util.concurrent.ThreadPoolExecutor.runWorker(ThreadPoolExecutor.java:1144)
at java.base/java.util.concurrent.ThreadPoolExecutor$Worker.run(ThreadPoolExecutor.java:642)
at java.base/java.lang.Thread.run(Thread.java:1575)
... Removed 22 stack frames]]>
    </failure>
  </testcase> <!-- listener_1 -->
</testsuite> <!-- Test_with_edge -->
