<?xml version="1.0" encoding="UTF-8"?>
<!-- Generated by org.testng.reporters.JUnitXMLReporter -->
<testsuite ignored="0" hostname="DESKTOP-UQJIA5A" failures="0" tests="3" name="Test1" time="84.68" errors="0" timestamp="2025-02-19T15:02:56 IST">
  <testcase classname="com.comcast.crm.contacttest.Working_with_Cnt_TC_baseclass" name="Contacts_06" time="31.27"/>
  <testcase classname="com.comcast.crm.contacttest.Working_with_Cnt_TC_baseclass" name="contacs_02" time="15.926"/>
  <testcase classname="com.comcast.crm.contacttest.Working_with_Cnt_TC_baseclass" name="contacts_01" time="13.895"/>
</testsuite> <!-- Test1 -->
