<?xml version="1.0" encoding="UTF-8"?>
<!-- Generated by org.testng.reporters.JUnitXMLReporter -->
<testsuite ignored="0" hostname="DESKTOP-UQJIA5A" failures="1" tests="1" name="Test" time="10.724" errors="0" timestamp="2025-02-20T17:58:23 IST">
  <testcase classname="practice.testng.Sample_listener" name="listener" time="3.713">
    <failure type="java.lang.AssertionError" message="expected [Vtger] but found [Administrator - Organizations - vtiger CRM 5 - Commercial Open Source CRM]">
      <![CDATA[java.lang.AssertionError: expected [Vtger] but found [Administrator - Organizations - vtiger CRM 5 - Commercial Open Source CRM]
at practice.testng.Sample_listener.listener(Sample_listener.java:20)
at java.base/java.util.ArrayList.forEach(ArrayList.java:1597)
... Removed 31 stack frames]]>
    </failure>
  </testcase> <!-- listener -->
</testsuite> <!-- Test -->
