<?xml version="1.0" encoding="UTF-8"?>
<!-- Generated by org.testng.reporters.JUnitXMLReporter -->
<testsuite ignored="0" hostname="DESKTOP-UQJIA5A" failures="1" tests="6" name="Default test(failed)" time="79.479" errors="0" timestamp="2025-02-21T10:06:43 IST">
  <testcase classname="practice.testng.Sample_listener" name="listener" time="5.246">
    <skipped/>
  </testcase> <!-- listener -->
  <testcase classname="practice.testng.Sample_listener" name="listener" time="5.881">
    <skipped/>
  </testcase> <!-- listener -->
  <testcase classname="practice.testng.Sample_listener" name="listener" time="5.813">
    <skipped/>
  </testcase> <!-- listener -->
  <testcase classname="practice.testng.Sample_listener" name="listener" time="8.608">
    <skipped/>
  </testcase> <!-- listener -->
  <testcase classname="practice.testng.Sample_listener" name="listener" time="4.87">
    <skipped/>
  </testcase> <!-- listener -->
  <testcase classname="practice.testng.Sample_listener" name="listener" time="5.547">
    <failure type="java.lang.AssertionError" message="expected [CRM] but found [Administrator - Organizations - vtiger CRM 5 - Commercial Open Source CRM]">
      <![CDATA[java.lang.AssertionError: expected [CRM] but found [Administrator - Organizations - vtiger CRM 5 - Commercial Open Source CRM]
at practice.testng.Sample_listener.listener(Sample_listener.java:20)
at java.base/java.util.ArrayList.forEach(ArrayList.java:1597)
... Removed 31 stack frames]]>
    </failure>
  </testcase> <!-- listener -->
</testsuite> <!-- Default test(failed) -->
