<?xml version="1.0" encoding="UTF-8"?>
<!-- Generated by org.testng.reporters.JUnitXMLReporter -->
<testsuite ignored="0" hostname="DESKTOP-UQJIA5A" failures="0" tests="3" name="Default test" time="37.306" errors="0" timestamp="2025-02-23T23:30:40 IST">
  <testcase classname="dataProvider.Getproductinfo_Test" name="getProductinfoTest" time="13.443"/>
  <testcase classname="dataProvider.Getproductinfo_Test" name="getProductinfoTest" time="11.641"/>
  <testcase classname="dataProvider.Getproductinfo_Test" name="getProductinfoTest" time="10.099"/>
</testsuite> <!-- Default test -->
