<?xml version="1.0" encoding="UTF-8"?>
<testng-results ignored="0" total="3" passed="3" failed="0" skipped="0">
  <reporter-output>
  </reporter-output>
  <suite started-at="2025-02-23T23:30:03 IST" name="Default suite" finished-at="2025-02-23T23:30:40 IST" duration-ms="37306">
    <groups>
    </groups>
    <test started-at="2025-02-23T23:30:03 IST" name="Default test" finished-at="2025-02-23T23:30:40 IST" duration-ms="37306">
      <class name="dataProvider.Getproductinfo_Test">
        <test-method signature="getProductinfoTest(java.lang.String,java.lang.String)[pri:0, instance:dataProvider.Getproductinfo_Test@49e53c76]" started-at="2025-02-23T23:30:05 IST" name="getProductinfoTest" data-provider="getdata" finished-at="2025-02-23T23:30:19 IST" duration-ms="13443" status="PASS">
          <params>
            <param index="0">
              <value>
                <![CDATA[Apple iphone]]>
              </value>
            </param>
            <param index="1">
              <value>
                <![CDATA[Apple iPhone 13 (128GB) - Blue]]>
              </value>
            </param>
          </params>
          <reporter-output>
          </reporter-output>
        </test-method> <!-- getProductinfoTest -->
        <test-method signature="getProductinfoTest(java.lang.String,java.lang.String)[pri:0, instance:dataProvider.Getproductinfo_Test@49e53c76]" started-at="2025-02-23T23:30:19 IST" name="getProductinfoTest" data-provider="getdata" finished-at="2025-02-23T23:30:30 IST" duration-ms="11641" status="PASS">
          <params>
            <param index="0">
              <value>
                <![CDATA[Apple iphone]]>
              </value>
            </param>
            <param index="1">
              <value>
                <![CDATA[Apple iPhone 15 (128 GB) - Black]]>
              </value>
            </param>
          </params>
          <reporter-output>
          </reporter-output>
        </test-method> <!-- getProductinfoTest -->
        <test-method signature="getProductinfoTest(java.lang.String,java.lang.String)[pri:0, instance:dataProvider.Getproductinfo_Test@49e53c76]" started-at="2025-02-23T23:30:30 IST" name="getProductinfoTest" data-provider="getdata" finished-at="2025-02-23T23:30:40 IST" duration-ms="10099" status="PASS">
          <params>
            <param index="0">
              <value>
                <![CDATA[Apple iphone]]>
              </value>
            </param>
            <param index="1">
              <value>
                <![CDATA[Apple iPhone 15 (128 GB) - Blue]]>
              </value>
            </param>
          </params>
          <reporter-output>
          </reporter-output>
        </test-method> <!-- getProductinfoTest -->
      </class> <!-- dataProvider.Getproductinfo_Test -->
    </test> <!-- Default test -->
  </suite> <!-- Default suite -->
</testng-results>
